mark@IRONSIDE:~/ai_projects/chracterforge$ docker-compose up --build >> log.txtBuilding appDEPRECATED: The legacy builder is deprecated and will be removed in a future release.            Install the buildx component to build images with BuildKit:            https://docs.docker.com/go/buildx/Sending build context to Docker daemon  205.5MBStep 1/11 : FROM python:3.12-slim3.12-slim: Pulling from library/python0c8d55a45c0d: Pulling fs layer690eaffcf0e9: Pulling fs layer9395e1d7be50: Pulling fs layer4948ee383266: Pulling fs layer4948ee383266: Waiting690eaffcf0e9: Verifying Checksum690eaffcf0e9: Download complete4948ee383266: Download complete9395e1d7be50: Verifying Checksum9395e1d7be50: Download complete0c8d55a45c0d: Verifying Checksum0c8d55a45c0d: Download complete0c8d55a45c0d: Pull complete690eaffcf0e9: Pull complete9395e1d7be50: Pull complete4948ee383266: Pull completeDigest: sha256:9e01bf1ae5db7649a236da7be1e94ffbbbdd7a93f867dd0d8d5720d9e1f89fabStatus: Downloaded newer image for python:3.12-slim ---> b3b92273ebb4Step 2/11 : ENV PYTHONDONTWRITEBYTECODE 1 ---> Running in 372dae782369 ---> Removed intermediate container 372dae782369 ---> e9ad0254e519Step 3/11 : ENV PYTHONUNBUFFERED 1 ---> Running in 91a83576e281 ---> Removed intermediate container 91a83576e281 ---> f2228e36e375Step 4/11 : ENV PYTHONPATH /app ---> Running in d15c050887a6 ---> Removed intermediate container d15c050887a6 ---> 0bdd81d889aeStep 5/11 : WORKDIR /app ---> Running in 8c08af685124 ---> Removed intermediate container 8c08af685124 ---> 47a6dba33c3bStep 6/11 : RUN apt-get update && apt-get install -y --no-install-recommends     build-essential     && apt-get clean     && rm -rf /var/lib/apt/lists/* ---> Running in 57cc049d03e8Hit:1 http://deb.debian.org/debian trixie InReleaseGet:2 http://deb.debian.org/debian trixie-updates InRelease [47.3 kB]Get:3 http://deb.debian.org/debian-security trixie-security InRelease [43.4 kB]Get:4 http://deb.debian.org/debian trixie/main amd64 Packages [9670 kB]Get:5 http://deb.debian.org/debian trixie-updates/main amd64 Packages [5412 B]Get:6 http://deb.debian.org/debian-security trixie-security/main amd64 Packages [108 kB]Fetched 9874 kB in 1s (11.0 MB/s)Reading package lists...Reading package lists...Building dependency tree...Reading state information...The following additional packages will be installed:  binutils binutils-common binutils-x86-64-linux-gnu bzip2 cpp cpp-14  cpp-14-x86-64-linux-gnu cpp-x86-64-linux-gnu dpkg-dev g++ g++-14  g++-14-x86-64-linux-gnu g++-x86-64-linux-gnu gcc gcc-14  gcc-14-x86-64-linux-gnu gcc-x86-64-linux-gnu libasan8 libatomic1 libbinutils  libc-dev-bin libc6-dev libcc1-0 libcrypt-dev libctf-nobfd0 libctf0  libdpkg-perl libgcc-14-dev libgdbm-compat4t64 libgomp1 libgprofng0  libhwasan0 libisl23 libitm1 libjansson4 liblsan0 libmpc3 libmpfr6  libperl5.40 libquadmath0 libsframe1 libstdc++-14-dev libtsan2 libubsan1  linux-libc-dev make patch perl perl-modules-5.40 rpcsvc-proto xz-utilsSuggested packages:  binutils-doc gprofng-gui binutils-gold bzip2-doc cpp-doc gcc-14-locales  cpp-14-doc debian-keyring debian-tag2upload-keyring g++-multilib  g++-14-multilib gcc-14-doc gcc-multilib manpages-dev autoconf automake  libtool flex bison gdb gcc-doc gcc-14-multilib gdb-x86-64-linux-gnu  libc-devtools glibc-doc sq | sqop | rsop | gosop | pgpainless-cli | gpg-sq  | gnupg sensible-utils git bzr libstdc++-14-doc make-doc ed diffutils-doc  perl-doc libterm-readline-gnu-perl | libterm-readline-perl-perl  libtap-harness-archive-perlRecommended packages:  fakeroot sq | sqop | rsop | gosop | pgpainless-cli | gpg-sq | gnupg  libalgorithm-merge-perl manpages manpages-dev libfile-fcntllock-perl  liblocale-gettext-perlThe following NEW packages will be installed:  binutils binutils-common binutils-x86-64-linux-gnu build-essential bzip2 cpp  cpp-14 cpp-14-x86-64-linux-gnu cpp-x86-64-linux-gnu dpkg-dev g++ g++-14  g++-14-x86-64-linux-gnu g++-x86-64-linux-gnu gcc gcc-14  gcc-14-x86-64-linux-gnu gcc-x86-64-linux-gnu libasan8 libatomic1 libbinutils  libc-dev-bin libc6-dev libcc1-0 libcrypt-dev libctf-nobfd0 libctf0  libdpkg-perl libgcc-14-dev libgdbm-compat4t64 libgomp1 libgprofng0  libhwasan0 libisl23 libitm1 libjansson4 liblsan0 libmpc3 libmpfr6  libperl5.40 libquadmath0 libsframe1 libstdc++-14-dev libtsan2 libubsan1  linux-libc-dev make patch perl perl-modules-5.40 rpcsvc-proto xz-utils0 upgraded, 52 newly installed, 0 to remove and 0 not upgraded.Need to get 82.4 MB of archives.After this operation, 336 MB of additional disk space will be used.Get:1 http://deb.debian.org/debian trixie/main amd64 bzip2 amd64 1.0.8-6 [40.5 kB]Get:2 http://deb.debian.org/debian trixie/main amd64 perl-modules-5.40 all 5.40.1-6 [3019 kB]Get:3 http://deb.debian.org/debian trixie/main amd64 libgdbm-compat4t64 amd64 1.24-2 [50.3 kB]Get:4 http://deb.debian.org/debian trixie/main amd64 libperl5.40 amd64 5.40.1-6 [4341 kB]Get:5 http://deb.debian.org/debian trixie/main amd64 perl amd64 5.40.1-6 [267 kB]Get:6 http://deb.debian.org/debian trixie/main amd64 xz-utils amd64 5.8.1-1 [660 kB]Get:7 http://deb.debian.org/debian trixie/main amd64 libsframe1 amd64 2.44-3 [78.4 kB]Get:8 http://deb.debian.org/debian trixie/main amd64 binutils-common amd64 2.44-3 [2509 kB]Get:9 http://deb.debian.org/debian trixie/main amd64 libbinutils amd64 2.44-3 [534 kB]Get:10 http://deb.debian.org/debian trixie/main amd64 libgprofng0 amd64 2.44-3 [808 kB]Get:11 http://deb.debian.org/debian trixie/main amd64 libctf-nobfd0 amd64 2.44-3 [156 kB]Get:12 http://deb.debian.org/debian trixie/main amd64 libctf0 amd64 2.44-3 [88.6 kB]Get:13 http://deb.debian.org/debian trixie/main amd64 libjansson4 amd64 2.14-2+b3 [39.8 kB]Get:14 http://deb.debian.org/debian trixie/main amd64 binutils-x86-64-linux-gnu amd64 2.44-3 [1014 kB]Get:15 http://deb.debian.org/debian trixie/main amd64 binutils amd64 2.44-3 [265 kB]Get:16 http://deb.debian.org/debian trixie/main amd64 libc-dev-bin amd64 2.41-12+deb13u1 [58.5 kB]Get:17 http://deb.debian.org/debian-security trixie-security/main amd64 linux-libc-dev all 6.12.69-1 [2742 kB]Get:18 http://deb.debian.org/debian trixie/main amd64 libcrypt-dev amd64 1:4.4.38-1 [119 kB]Get:19 http://deb.debian.org/debian trixie/main amd64 rpcsvc-proto amd64 1.4.3-1 [63.3 kB]Get:20 http://deb.debian.org/debian trixie/main amd64 libc6-dev amd64 2.41-12+deb13u1 [1994 kB]Get:21 http://deb.debian.org/debian trixie/main amd64 libisl23 amd64 0.27-1 [659 kB]Get:22 http://deb.debian.org/debian trixie/main amd64 libmpfr6 amd64 4.2.2-1 [729 kB]Get:23 http://deb.debian.org/debian trixie/main amd64 libmpc3 amd64 1.3.1-1+b3 [52.2 kB]Get:24 http://deb.debian.org/debian trixie/main amd64 cpp-14-x86-64-linux-gnu amd64 14.2.0-19 [11.0 MB]Get:25 http://deb.debian.org/debian trixie/main amd64 cpp-14 amd64 14.2.0-19 [1280 B]Get:26 http://deb.debian.org/debian trixie/main amd64 cpp-x86-64-linux-gnu amd64 4:14.2.0-1 [4840 B]Get:27 http://deb.debian.org/debian trixie/main amd64 cpp amd64 4:14.2.0-1 [1568 B]Get:28 http://deb.debian.org/debian trixie/main amd64 libcc1-0 amd64 14.2.0-19 [42.8 kB]Get:29 http://deb.debian.org/debian trixie/main amd64 libgomp1 amd64 14.2.0-19 [137 kB]Get:30 http://deb.debian.org/debian trixie/main amd64 libitm1 amd64 14.2.0-19 [26.0 kB]Get:31 http://deb.debian.org/debian trixie/main amd64 libatomic1 amd64 14.2.0-19 [9308 B]Get:32 http://deb.debian.org/debian trixie/main amd64 libasan8 amd64 14.2.0-19 [2725 kB]Get:33 http://deb.debian.org/debian trixie/main amd64 liblsan0 amd64 14.2.0-19 [1204 kB]Get:34 http://deb.debian.org/debian trixie/main amd64 libtsan2 amd64 14.2.0-19 [2460 kB]Get:35 http://deb.debian.org/debian trixie/main amd64 libubsan1 amd64 14.2.0-19 [1074 kB]Get:36 http://deb.debian.org/debian trixie/main amd64 libhwasan0 amd64 14.2.0-19 [1488 kB]Get:37 http://deb.debian.org/debian trixie/main amd64 libquadmath0 amd64 14.2.0-19 [145 kB]Get:38 http://deb.debian.org/debian trixie/main amd64 libgcc-14-dev amd64 14.2.0-19 [2672 kB]Get:39 http://deb.debian.org/debian trixie/main amd64 gcc-14-x86-64-linux-gnu amd64 14.2.0-19 [21.4 MB]Get:40 http://deb.debian.org/debian trixie/main amd64 gcc-14 amd64 14.2.0-19 [540 kB]Get:41 http://deb.debian.org/debian trixie/main amd64 gcc-x86-64-linux-gnu amd64 4:14.2.0-1 [1436 B]Get:42 http://deb.debian.org/debian trixie/main amd64 gcc amd64 4:14.2.0-1 [5136 B]Get:43 http://deb.debian.org/debian trixie/main amd64 libstdc++-14-dev amd64 14.2.0-19 [2376 kB]Get:44 http://deb.debian.org/debian trixie/main amd64 g++-14-x86-64-linux-gnu amd64 14.2.0-19 [12.1 MB]Get:45 http://deb.debian.org/debian trixie/main amd64 g++-14 amd64 14.2.0-19 [22.5 kB]Get:46 http://deb.debian.org/debian trixie/main amd64 g++-x86-64-linux-gnu amd64 4:14.2.0-1 [1200 B]Get:47 http://deb.debian.org/debian trixie/main amd64 g++ amd64 4:14.2.0-1 [1344 B]Get:48 http://deb.debian.org/debian trixie/main amd64 make amd64 4.4.1-2 [463 kB]Get:49 http://deb.debian.org/debian trixie/main amd64 libdpkg-perl all 1.22.21 [650 kB]Get:50 http://deb.debian.org/debian trixie/main amd64 patch amd64 2.8-2 [134 kB]Get:51 http://deb.debian.org/debian trixie/main amd64 dpkg-dev all 1.22.21 [1338 kB]Get:52 http://deb.debian.org/debian trixie/main amd64 build-essential amd64 12.12 [4624 B]debconf: unable to initialize frontend: Dialogdebconf: (TERM is not set, so the dialog frontend is not usable.)debconf: falling back to frontend: Readlinedebconf: unable to initialize frontend: Readlinedebconf: (Can't locate Term/ReadLine.pm in @INC (you may need to install the Term::ReadLine module) (@INC entries checked: /etc/perl /usr/local/lib/x86_64-linux-gnu/perl/5.40.1 /usr/local/share/perl/5.40.1 /usr/lib/x86_64-linux-gnu/perl5/5.40 /usr/share/perl5 /usr/lib/x86_64-linux-gnu/perl-base /usr/lib/x86_64-linux-gnu/perl/5.40 /usr/share/perl/5.40 /usr/local/lib/site_perl) at /usr/share/perl5/Debconf/FrontEnd/Readline.pm line 8, <STDIN> line 52.)debconf: falling back to frontend: Teletypedebconf: unable to initialize frontend: Teletypedebconf: (This frontend requires a controlling tty.)debconf: falling back to frontend: NoninteractiveFetched 82.4 MB in 1s (84.9 MB/s)Selecting previously unselected package bzip2.(Reading database ... 5645 files and directories currently installed.)Preparing to unpack .../00-bzip2_1.0.8-6_amd64.deb ...Unpacking bzip2 (1.0.8-6) ...Selecting previously unselected package perl-modules-5.40.Preparing to unpack .../01-perl-modules-5.40_5.40.1-6_all.deb ...Unpacking perl-modules-5.40 (5.40.1-6) ...Selecting previously unselected package libgdbm-compat4t64:amd64.Preparing to unpack .../02-libgdbm-compat4t64_1.24-2_amd64.deb ...Unpacking libgdbm-compat4t64:amd64 (1.24-2) ...Selecting previously unselected package libperl5.40:amd64.Preparing to unpack .../03-libperl5.40_5.40.1-6_amd64.deb ...Unpacking libperl5.40:amd64 (5.40.1-6) ...Selecting previously unselected package perl.Preparing to unpack .../04-perl_5.40.1-6_amd64.deb ...Unpacking perl (5.40.1-6) ...Selecting previously unselected package xz-utils.Preparing to unpack .../05-xz-utils_5.8.1-1_amd64.deb ...Unpacking xz-utils (5.8.1-1) ...Selecting previously unselected package libsframe1:amd64.Preparing to unpack .../06-libsframe1_2.44-3_amd64.deb ...Unpacking libsframe1:amd64 (2.44-3) ...Selecting previously unselected package binutils-common:amd64.Preparing to unpack .../07-binutils-common_2.44-3_amd64.deb ...Unpacking binutils-common:amd64 (2.44-3) ...Selecting previously unselected package libbinutils:amd64.Preparing to unpack .../08-libbinutils_2.44-3_amd64.deb ...Unpacking libbinutils:amd64 (2.44-3) ...Selecting previously unselected package libgprofng0:amd64.Preparing to unpack .../09-libgprofng0_2.44-3_amd64.deb ...Unpacking libgprofng0:amd64 (2.44-3) ...Selecting previously unselected package libctf-nobfd0:amd64.Preparing to unpack .../10-libctf-nobfd0_2.44-3_amd64.deb ...Unpacking libctf-nobfd0:amd64 (2.44-3) ...Selecting previously unselected package libctf0:amd64.Preparing to unpack .../11-libctf0_2.44-3_amd64.deb ...Unpacking libctf0:amd64 (2.44-3) ...Selecting previously unselected package libjansson4:amd64.Preparing to unpack .../12-libjansson4_2.14-2+b3_amd64.deb ...Unpacking libjansson4:amd64 (2.14-2+b3) ...Selecting previously unselected package binutils-x86-64-linux-gnu.Preparing to unpack .../13-binutils-x86-64-linux-gnu_2.44-3_amd64.deb ...Unpacking binutils-x86-64-linux-gnu (2.44-3) ...Selecting previously unselected package binutils.Preparing to unpack .../14-binutils_2.44-3_amd64.deb ...Unpacking binutils (2.44-3) ...Selecting previously unselected package libc-dev-bin.Preparing to unpack .../15-libc-dev-bin_2.41-12+deb13u1_amd64.deb ...Unpacking libc-dev-bin (2.41-12+deb13u1) ...Selecting previously unselected package linux-libc-dev.Preparing to unpack .../16-linux-libc-dev_6.12.69-1_all.deb ...Unpacking linux-libc-dev (6.12.69-1) ...Selecting previously unselected package libcrypt-dev:amd64.Preparing to unpack .../17-libcrypt-dev_1%3a4.4.38-1_amd64.deb ...Unpacking libcrypt-dev:amd64 (1:4.4.38-1) ...Selecting previously unselected package rpcsvc-proto.Preparing to unpack .../18-rpcsvc-proto_1.4.3-1_amd64.deb ...Unpacking rpcsvc-proto (1.4.3-1) ...Selecting previously unselected package libc6-dev:amd64.Preparing to unpack .../19-libc6-dev_2.41-12+deb13u1_amd64.deb ...Unpacking libc6-dev:amd64 (2.41-12+deb13u1) ...Selecting previously unselected package libisl23:amd64.Preparing to unpack .../20-libisl23_0.27-1_amd64.deb ...Unpacking libisl23:amd64 (0.27-1) ...Selecting previously unselected package libmpfr6:amd64.Preparing to unpack .../21-libmpfr6_4.2.2-1_amd64.deb ...Unpacking libmpfr6:amd64 (4.2.2-1) ...Selecting previously unselected package libmpc3:amd64.Preparing to unpack .../22-libmpc3_1.3.1-1+b3_amd64.deb ...Unpacking libmpc3:amd64 (1.3.1-1+b3) ...Selecting previously unselected package cpp-14-x86-64-linux-gnu.Preparing to unpack .../23-cpp-14-x86-64-linux-gnu_14.2.0-19_amd64.deb ...Unpacking cpp-14-x86-64-linux-gnu (14.2.0-19) ...Selecting previously unselected package cpp-14.Preparing to unpack .../24-cpp-14_14.2.0-19_amd64.deb ...Unpacking cpp-14 (14.2.0-19) ...Selecting previously unselected package cpp-x86-64-linux-gnu.Preparing to unpack .../25-cpp-x86-64-linux-gnu_4%3a14.2.0-1_amd64.deb ...Unpacking cpp-x86-64-linux-gnu (4:14.2.0-1) ...Selecting previously unselected package cpp.Preparing to unpack .../26-cpp_4%3a14.2.0-1_amd64.deb ...Unpacking cpp (4:14.2.0-1) ...Selecting previously unselected package libcc1-0:amd64.Preparing to unpack .../27-libcc1-0_14.2.0-19_amd64.deb ...Unpacking libcc1-0:amd64 (14.2.0-19) ...Selecting previously unselected package libgomp1:amd64.Preparing to unpack .../28-libgomp1_14.2.0-19_amd64.deb ...Unpacking libgomp1:amd64 (14.2.0-19) ...Selecting previously unselected package libitm1:amd64.Preparing to unpack .../29-libitm1_14.2.0-19_amd64.deb ...Unpacking libitm1:amd64 (14.2.0-19) ...Selecting previously unselected package libatomic1:amd64.Preparing to unpack .../30-libatomic1_14.2.0-19_amd64.deb ...Unpacking libatomic1:amd64 (14.2.0-19) ...Selecting previously unselected package libasan8:amd64.Preparing to unpack .../31-libasan8_14.2.0-19_amd64.deb ...Unpacking libasan8:amd64 (14.2.0-19) ...Selecting previously unselected package liblsan0:amd64.Preparing to unpack .../32-liblsan0_14.2.0-19_amd64.deb ...Unpacking liblsan0:amd64 (14.2.0-19) ...Selecting previously unselected package libtsan2:amd64.Preparing to unpack .../33-libtsan2_14.2.0-19_amd64.deb ...Unpacking libtsan2:amd64 (14.2.0-19) ...Selecting previously unselected package libubsan1:amd64.Preparing to unpack .../34-libubsan1_14.2.0-19_amd64.deb ...Unpacking libubsan1:amd64 (14.2.0-19) ...Selecting previously unselected package libhwasan0:amd64.Preparing to unpack .../35-libhwasan0_14.2.0-19_amd64.deb ...Unpacking libhwasan0:amd64 (14.2.0-19) ...Selecting previously unselected package libquadmath0:amd64.Preparing to unpack .../36-libquadmath0_14.2.0-19_amd64.deb ...Unpacking libquadmath0:amd64 (14.2.0-19) ...Selecting previously unselected package libgcc-14-dev:amd64.Preparing to unpack .../37-libgcc-14-dev_14.2.0-19_amd64.deb ...Unpacking libgcc-14-dev:amd64 (14.2.0-19) ...Selecting previously unselected package gcc-14-x86-64-linux-gnu.Preparing to unpack .../38-gcc-14-x86-64-linux-gnu_14.2.0-19_amd64.deb ...Unpacking gcc-14-x86-64-linux-gnu (14.2.0-19) ...Selecting previously unselected package gcc-14.Preparing to unpack .../39-gcc-14_14.2.0-19_amd64.deb ...Unpacking gcc-14 (14.2.0-19) ...Selecting previously unselected package gcc-x86-64-linux-gnu.Preparing to unpack .../40-gcc-x86-64-linux-gnu_4%3a14.2.0-1_amd64.deb ...Unpacking gcc-x86-64-linux-gnu (4:14.2.0-1) ...Selecting previously unselected package gcc.Preparing to unpack .../41-gcc_4%3a14.2.0-1_amd64.deb ...Unpacking gcc (4:14.2.0-1) ...Selecting previously unselected package libstdc++-14-dev:amd64.Preparing to unpack .../42-libstdc++-14-dev_14.2.0-19_amd64.deb ...Unpacking libstdc++-14-dev:amd64 (14.2.0-19) ...Selecting previously unselected package g++-14-x86-64-linux-gnu.Preparing to unpack .../43-g++-14-x86-64-linux-gnu_14.2.0-19_amd64.deb ...Unpacking g++-14-x86-64-linux-gnu (14.2.0-19) ...Selecting previously unselected package g++-14.Preparing to unpack .../44-g++-14_14.2.0-19_amd64.deb ...Unpacking g++-14 (14.2.0-19) ...Selecting previously unselected package g++-x86-64-linux-gnu.Preparing to unpack .../45-g++-x86-64-linux-gnu_4%3a14.2.0-1_amd64.deb ...Unpacking g++-x86-64-linux-gnu (4:14.2.0-1) ...Selecting previously unselected package g++.Preparing to unpack .../46-g++_4%3a14.2.0-1_amd64.deb ...Unpacking g++ (4:14.2.0-1) ...Selecting previously unselected package make.Preparing to unpack .../47-make_4.4.1-2_amd64.deb ...Unpacking make (4.4.1-2) ...Selecting previously unselected package libdpkg-perl.Preparing to unpack .../48-libdpkg-perl_1.22.21_all.deb ...Unpacking libdpkg-perl (1.22.21) ...Selecting previously unselected package patch.Preparing to unpack .../49-patch_2.8-2_amd64.deb ...Unpacking patch (2.8-2) ...Selecting previously unselected package dpkg-dev.Preparing to unpack .../50-dpkg-dev_1.22.21_all.deb ...Unpacking dpkg-dev (1.22.21) ...Selecting previously unselected package build-essential.Preparing to unpack .../51-build-essential_12.12_amd64.deb ...Unpacking build-essential (12.12) ...Setting up libgdbm-compat4t64:amd64 (1.24-2) ...Setting up binutils-common:amd64 (2.44-3) ...Setting up linux-libc-dev (6.12.69-1) ...Setting up libctf-nobfd0:amd64 (2.44-3) ...Setting up libgomp1:amd64 (14.2.0-19) ...Setting up bzip2 (1.0.8-6) ...Setting up libsframe1:amd64 (2.44-3) ...Setting up libjansson4:amd64 (2.14-2+b3) ...Setting up rpcsvc-proto (1.4.3-1) ...Setting up make (4.4.1-2) ...Setting up libmpfr6:amd64 (4.2.2-1) ...Setting up xz-utils (5.8.1-1) ...update-alternatives: using /usr/bin/xz to provide /usr/bin/lzma (lzma) in auto modeupdate-alternatives: warning: skip creation of /usr/share/man/man1/lzma.1.gz because associated file /usr/share/man/man1/xz.1.gz (of link group lzma) doesn't existupdate-alternatives: warning: skip creation of /usr/share/man/man1/unlzma.1.gz because associated file /usr/share/man/man1/unxz.1.gz (of link group lzma) doesn't existupdate-alternatives: warning: skip creation of /usr/share/man/man1/lzcat.1.gz because associated file /usr/share/man/man1/xzcat.1.gz (of link group lzma) doesn't existupdate-alternatives: warning: skip creation of /usr/share/man/man1/lzmore.1.gz because associated file /usr/share/man/man1/xzmore.1.gz (of link group lzma) doesn't existupdate-alternatives: warning: skip creation of /usr/share/man/man1/lzless.1.gz because associated file /usr/share/man/man1/xzless.1.gz (of link group lzma) doesn't existupdate-alternatives: warning: skip creation of /usr/share/man/man1/lzdiff.1.gz because associated file /usr/share/man/man1/xzdiff.1.gz (of link group lzma) doesn't existupdate-alternatives: warning: skip creation of /usr/share/man/man1/lzcmp.1.gz because associated file /usr/share/man/man1/xzcmp.1.gz (of link group lzma) doesn't existupdate-alternatives: warning: skip creation of /usr/share/man/man1/lzgrep.1.gz because associated file /usr/share/man/man1/xzgrep.1.gz (of link group lzma) doesn't existupdate-alternatives: warning: skip creation of /usr/share/man/man1/lzegrep.1.gz because associated file /usr/share/man/man1/xzegrep.1.gz (of link group lzma) doesn't existupdate-alternatives: warning: skip creation of /usr/share/man/man1/lzfgrep.1.gz because associated file /usr/share/man/man1/xzfgrep.1.gz (of link group lzma) doesn't existSetting up libquadmath0:amd64 (14.2.0-19) ...Setting up libmpc3:amd64 (1.3.1-1+b3) ...Setting up libatomic1:amd64 (14.2.0-19) ...Setting up patch (2.8-2) ...Setting up libubsan1:amd64 (14.2.0-19) ...Setting up perl-modules-5.40 (5.40.1-6) ...Setting up libhwasan0:amd64 (14.2.0-19) ...Setting up libcrypt-dev:amd64 (1:4.4.38-1) ...Setting up libasan8:amd64 (14.2.0-19) ...Setting up libtsan2:amd64 (14.2.0-19) ...Setting up libbinutils:amd64 (2.44-3) ...Setting up libisl23:amd64 (0.27-1) ...Setting up libc-dev-bin (2.41-12+deb13u1) ...Setting up libcc1-0:amd64 (14.2.0-19) ...Setting up liblsan0:amd64 (14.2.0-19) ...Setting up libitm1:amd64 (14.2.0-19) ...Setting up libctf0:amd64 (2.44-3) ...Setting up libperl5.40:amd64 (5.40.1-6) ...Setting up perl (5.40.1-6) ...Setting up libgprofng0:amd64 (2.44-3) ...Setting up cpp-14-x86-64-linux-gnu (14.2.0-19) ...Setting up libdpkg-perl (1.22.21) ...Setting up cpp-14 (14.2.0-19) ...Setting up libc6-dev:amd64 (2.41-12+deb13u1) ...Setting up libgcc-14-dev:amd64 (14.2.0-19) ...Setting up libstdc++-14-dev:amd64 (14.2.0-19) ...Setting up binutils-x86-64-linux-gnu (2.44-3) ...Setting up cpp-x86-64-linux-gnu (4:14.2.0-1) ...Setting up binutils (2.44-3) ...Setting up dpkg-dev (1.22.21) ...Setting up cpp (4:14.2.0-1) ...Setting up gcc-14-x86-64-linux-gnu (14.2.0-19) ...Setting up gcc-x86-64-linux-gnu (4:14.2.0-1) ...Setting up gcc-14 (14.2.0-19) ...Setting up g++-14-x86-64-linux-gnu (14.2.0-19) ...Setting up g++-x86-64-linux-gnu (4:14.2.0-1) ...Setting up g++-14 (14.2.0-19) ...Setting up gcc (4:14.2.0-1) ...Setting up g++ (4:14.2.0-1) ...update-alternatives: using /usr/bin/g++ to provide /usr/bin/c++ (c++) in auto modeSetting up build-essential (12.12) ...Processing triggers for libc-bin (2.41-12+deb13u1) ... ---> Removed intermediate container 57cc049d03e8 ---> be49f823e7ccStep 7/11 : COPY backend/requirements.txt . ---> b8667628c2ffStep 8/11 : RUN pip install --no-cache-dir -r requirements.txt ---> Running in fecbb94a27b8Collecting fastapi (from -r requirements.txt (line 1))  Downloading fastapi-0.129.0-py3-none-any.whl.metadata (30 kB)Collecting sqlalchemy (from -r requirements.txt (line 3))  Downloading sqlalchemy-2.0.46-cp312-cp312-manylinux2014_x86_64.manylinux_2_17_x86_64.manylinux_2_28_x86_64.whl.metadata (9.5 kB)Collecting pydantic (from -r requirements.txt (line 4))  Downloading pydantic-2.12.5-py3-none-any.whl.metadata (90 kB)Collecting python-multipart (from -r requirements.txt (line 5))  Downloading python_multipart-0.0.22-py3-none-any.whl.metadata (1.8 kB)Collecting aiosqlite (from -r requirements.txt (line 6))  Downloading aiosqlite-0.22.1-py3-none-any.whl.metadata (4.3 kB)Collecting uvicorn[standard] (from -r requirements.txt (line 2))  Downloading uvicorn-0.41.0-py3-none-any.whl.metadata (6.7 kB)Collecting starlette<1.0.0,>=0.40.0 (from fastapi->-r requirements.txt (line 1))  Downloading starlette-0.52.1-py3-none-any.whl.metadata (6.3 kB)Collecting typing-extensions>=4.8.0 (from fastapi->-r requirements.txt (line 1))  Downloading typing_extensions-4.15.0-py3-none-any.whl.metadata (3.3 kB)Collecting typing-inspection>=0.4.2 (from fastapi->-r requirements.txt (line 1))  Downloading typing_inspection-0.4.2-py3-none-any.whl.metadata (2.6 kB)Collecting annotated-doc>=0.0.2 (from fastapi->-r requirements.txt (line 1))  Downloading annotated_doc-0.0.4-py3-none-any.whl.metadata (6.6 kB)Collecting click>=7.0 (from uvicorn[standard]->-r requirements.txt (line 2))  Downloading click-8.3.1-py3-none-any.whl.metadata (2.6 kB)Collecting h11>=0.8 (from uvicorn[standard]->-r requirements.txt (line 2))  Downloading h11-0.16.0-py3-none-any.whl.metadata (8.3 kB)Collecting httptools>=0.6.3 (from uvicorn[standard]->-r requirements.txt (line 2))  Downloading httptools-0.7.1-cp312-cp312-manylinux1_x86_64.manylinux_2_28_x86_64.manylinux_2_5_x86_64.whl.metadata (3.5 kB)Collecting python-dotenv>=0.13 (from uvicorn[standard]->-r requirements.txt (line 2))  Downloading python_dotenv-1.2.1-py3-none-any.whl.metadata (25 kB)Collecting pyyaml>=5.1 (from uvicorn[standard]->-r requirements.txt (line 2))  Downloading pyyaml-6.0.3-cp312-cp312-manylinux2014_x86_64.manylinux_2_17_x86_64.manylinux_2_28_x86_64.whl.metadata (2.4 kB)Collecting uvloop>=0.15.1 (from uvicorn[standard]->-r requirements.txt (line 2))  Downloading uvloop-0.22.1-cp312-cp312-manylinux2014_x86_64.manylinux_2_17_x86_64.manylinux_2_28_x86_64.whl.metadata (4.9 kB)Collecting watchfiles>=0.20 (from uvicorn[standard]->-r requirements.txt (line 2))  Downloading watchfiles-1.1.1-cp312-cp312-manylinux_2_17_x86_64.manylinux2014_x86_64.whl.metadata (4.9 kB)Collecting websockets>=10.4 (from uvicorn[standard]->-r requirements.txt (line 2))  Downloading websockets-16.0-cp312-cp312-manylinux1_x86_64.manylinux_2_28_x86_64.manylinux_2_5_x86_64.whl.metadata (6.8 kB)Collecting greenlet>=1 (from sqlalchemy->-r requirements.txt (line 3))  Downloading greenlet-3.3.1-cp312-cp312-manylinux_2_24_x86_64.manylinux_2_28_x86_64.whl.metadata (3.7 kB)Collecting annotated-types>=0.6.0 (from pydantic->-r requirements.txt (line 4))  Downloading annotated_types-0.7.0-py3-none-any.whl.metadata (15 kB)Collecting pydantic-core==2.41.5 (from pydantic->-r requirements.txt (line 4))  Downloading pydantic_core-2.41.5-cp312-cp312-manylinux_2_17_x86_64.manylinux2014_x86_64.whl.metadata (7.3 kB)Collecting anyio<5,>=3.6.2 (from starlette<1.0.0,>=0.40.0->fastapi->-r requirements.txt (line 1))  Downloading anyio-4.12.1-py3-none-any.whl.metadata (4.3 kB)Collecting idna>=2.8 (from anyio<5,>=3.6.2->starlette<1.0.0,>=0.40.0->fastapi->-r requirements.txt (line 1))  Downloading idna-3.11-py3-none-any.whl.metadata (8.4 kB)Downloading fastapi-0.129.0-py3-none-any.whl (102 kB)Downloading sqlalchemy-2.0.46-cp312-cp312-manylinux2014_x86_64.manylinux_2_17_x86_64.manylinux_2_28_x86_64.whl (3.3 MB)   â”â”â”â”â”â”â”â”â”â”â”â”â”â”â”â”â”â”â”â”â”â”â”â”â”â”â”â”â”â”â”â”â”â”â”â”â”â”â”â” 3.3/3.3 MB 55.3 MB/s eta 0:00:00Downloading pydantic-2.12.5-py3-none-any.whl (463 kB)Downloading pydantic_core-2.41.5-cp312-cp312-manylinux_2_17_x86_64.manylinux2014_x86_64.whl (2.1 MB)   â”â”â”â”â”â”â”â”â”â”â”â”â”â”â”â”â”â”â”â”â”â”â”â”â”â”â”â”â”â”â”â”â”â”â”â”â”â”â”â” 2.1/2.1 MB 119.9 MB/s eta 0:00:00Downloading python_multipart-0.0.22-py3-none-any.whl (24 kB)Downloading aiosqlite-0.22.1-py3-none-any.whl (17 kB)Downloading annotated_doc-0.0.4-py3-none-any.whl (5.3 kB)Downloading annotated_types-0.7.0-py3-none-any.whl (13 kB)Downloading click-8.3.1-py3-none-any.whl (108 kB)Downloading greenlet-3.3.1-cp312-cp312-manylinux_2_24_x86_64.manylinux_2_28_x86_64.whl (609 kB)   â”â”â”â”â”â”â”â”â”â”â”â”â”â”â”â”â”â”â”â”â”â”â”â”â”â”â”â”â”â”â”â”â”â”â”â”â”â”â” 609.9/609.9 kB 119.4 MB/s eta 0:00:00Downloading h11-0.16.0-py3-none-any.whl (37 kB)Downloading httptools-0.7.1-cp312-cp312-manylinux1_x86_64.manylinux_2_28_x86_64.manylinux_2_5_x86_64.whl (517 kB)Downloading python_dotenv-1.2.1-py3-none-any.whl (21 kB)Downloading pyyaml-6.0.3-cp312-cp312-manylinux2014_x86_64.manylinux_2_17_x86_64.manylinux_2_28_x86_64.whl (807 kB)   â”â”â”â”â”â”â”â”â”â”â”â”â”â”â”â”â”â”â”â”â”â”â”â”â”â”â”â”â”â”â”â”â”â”â”â”â”â”â” 807.9/807.9 kB 123.5 MB/s eta 0:00:00Downloading starlette-0.52.1-py3-none-any.whl (74 kB)Downloading typing_extensions-4.15.0-py3-none-any.whl (44 kB)Downloading typing_inspection-0.4.2-py3-none-any.whl (14 kB)Downloading uvloop-0.22.1-cp312-cp312-manylinux2014_x86_64.manylinux_2_17_x86_64.manylinux_2_28_x86_64.whl (4.4 MB)   â”â”â”â”â”â”â”â”â”â”â”â”â”â”â”â”â”â”â”â”â”â”â”â”â”â”â”â”â”â”â”â”â”â”â”â”â”â”â”â” 4.4/4.4 MB 56.3 MB/s eta 0:00:00Downloading watchfiles-1.1.1-cp312-cp312-manylinux_2_17_x86_64.manylinux2014_x86_64.whl (456 kB)Downloading websockets-16.0-cp312-cp312-manylinux1_x86_64.manylinux_2_28_x86_64.manylinux_2_5_x86_64.whl (184 kB)Downloading uvicorn-0.41.0-py3-none-any.whl (68 kB)Downloading anyio-4.12.1-py3-none-any.whl (113 kB)Downloading idna-3.11-py3-none-any.whl (71 kB)Installing collected packages: websockets, uvloop, typing-extensions, pyyaml, python-multipart, python-dotenv, idna, httptools, h11, greenlet, click, annotated-types, annotated-doc, aiosqlite, uvicorn, typing-inspection, sqlalchemy, pydantic-core, anyio, watchfiles, starlette, pydantic, fastapiSuccessfully installed aiosqlite-0.22.1 annotated-doc-0.0.4 annotated-types-0.7.0 anyio-4.12.1 click-8.3.1 fastapi-0.129.0 greenlet-3.3.1 h11-0.16.0 httptools-0.7.1 idna-3.11 pydantic-2.12.5 pydantic-core-2.41.5 python-dotenv-1.2.1 python-multipart-0.0.22 pyyaml-6.0.3 sqlalchemy-2.0.46 starlette-0.52.1 typing-extensions-4.15.0 typing-inspection-0.4.2 uvicorn-0.41.0 uvloop-0.22.1 watchfiles-1.1.1 websockets-16.0WARNING: Running pip as the 'root' user can result in broken permissions and conflicting behaviour with the system package manager, possibly rendering your system unusable. It is recommended to use a virtual environment instead: https://pip.pypa.io/warnings/venv. Use the --root-user-action option if you know what you are doing and want to suppress this warning.[notice] A new release of pip is available: 25.0.1 -> 26.0.1[notice] To update, run: pip install --upgrade pip ---> Removed intermediate container fecbb94a27b8 ---> 50a85457565bStep 9/11 : COPY . . ---> 44aa105e2ae6Step 10/11 : EXPOSE 8000 ---> Running in ecf5978bcd03 ---> Removed intermediate container ecf5978bcd03 ---> 8f596b9af99bStep 11/11 : CMD ["uvicorn", "backend.app.main:app", "--host", "0.0.0.0", "--port", "8000"] ---> Running in 254336f5b7ca ---> Removed intermediate container 254336f5b7ca ---> 77cae1f3aee5Successfully built 77cae1f3aee5Successfully tagged chracterforge_app:latestCreating chracterforge_app_1 ... doneAttaching to chracterforge_app_1app_1  | Traceback (most recent call last):app_1  |   File "/usr/local/bin/uvicorn", line 8, in <module>app_1  |     sys.exit(main())app_1  |              ^^^^^^app_1  |   File "/usr/local/lib/python3.12/site-packages/click/core.py", line 1485, in __call__app_1  |     return self.main(*args, **kwargs)app_1  |            ^^^^^^^^^^^^^^^^^^^^^^^^^^app_1  |   File "/usr/local/lib/python3.12/site-packages/click/core.py", line 1406, in mainapp_1  |     rv = self.invoke(ctx)app_1  |          ^^^^^^^^^^^^^^^^app_1  |   File "/usr/local/lib/python3.12/site-packages/click/core.py", line 1269, in invokeapp_1  |     return ctx.invoke(self.callback, **ctx.params)app_1  |            ^^^^^^^^^^^^^^^^^^^^^^^^^^^^^^^^^^^^^^^app_1  |   File "/usr/local/lib/python3.12/site-packages/click/core.py", line 824, in invokeapp_1  |     return callback(*args, **kwargs)app_1  |            ^^^^^^^^^^^^^^^^^^^^^^^^^app_1  |   File "/usr/local/lib/python3.12/site-packages/uvicorn/main.py", line 433, in mainapp_1  |     run(app_1  |   File "/usr/local/lib/python3.12/site-packages/uvicorn/main.py", line 606, in runapp_1  |     server.run()app_1  |   File "/usr/local/lib/python3.12/site-packages/uvicorn/server.py", line 75, in runapp_1  |     return asyncio_run(self.serve(sockets=sockets), loop_factory=self.config.get_loop_factory())app_1  |            ^^^^^^^^^^^^^^^^^^^^^^^^^^^^^^^^^^^^^^^^^^^^^^^^^^^^^^^^^^^^^^^^^^^^^^^^^^^^^^^^^^^^^app_1  |   File "/usr/local/lib/python3.12/asyncio/runners.py", line 195, in runapp_1  |     return runner.run(main)app_1  |            ^^^^^^^^^^^^^^^^app_1  |   File "/usr/local/lib/python3.12/asyncio/runners.py", line 118, in runapp_1  |     return self._loop.run_until_complete(task)app_1  |            ^^^^^^^^^^^^^^^^^^^^^^^^^^^^^^^^^^^app_1  |   File "uvloop/loop.pyx", line 1518, in uvloop.loop.Loop.run_until_completeapp_1  |   File "/usr/local/lib/python3.12/site-packages/uvicorn/server.py", line 79, in serveapp_1  |     await self._serve(sockets)app_1  |   File "/usr/local/lib/python3.12/site-packages/uvicorn/server.py", line 86, in _serveapp_1  |     config.load()app_1  |   File "/usr/local/lib/python3.12/site-packages/uvicorn/config.py", line 441, in loadapp_1  |     self.loaded_app = import_from_string(self.app)app_1  |                       ^^^^^^^^^^^^^^^^^^^^^^^^^^^^app_1  |   File "/usr/local/lib/python3.12/site-packages/uvicorn/importer.py", line 19, in import_from_stringapp_1  |     module = importlib.import_module(module_str)app_1  |              ^^^^^^^^^^^^^^^^^^^^^^^^^^^^^^^^^^^app_1  |   File "/usr/local/lib/python3.12/importlib/__init__.py", line 90, in import_moduleapp_1  |     return _bootstrap._gcd_import(name[level:], package, level)app_1  |            ^^^^^^^^^^^^^^^^^^^^^^^^^^^^^^^^^^^^^^^^^^^^^^^^^^^^app_1  |   File "<frozen importlib._bootstrap>", line 1387, in _gcd_importapp_1  |   File "<frozen importlib._bootstrap>", line 1360, in _find_and_loadapp_1  |   File "<frozen importlib._bootstrap>", line 1331, in _find_and_load_unlockedapp_1  |   File "<frozen importlib._bootstrap>", line 935, in _load_unlockedapp_1  |   File "<frozen importlib._bootstrap_external>", line 995, in exec_moduleapp_1  |   File "<frozen importlib._bootstrap_external>", line 1133, in get_codeapp_1  |   File "<frozen importlib._bootstrap_external>", line 1063, in source_to_codeapp_1  |   File "<frozen importlib._bootstrap>", line 488, in _call_with_frames_removedapp_1  |   File "/app/backend/app/main.py", line 67app_1  |     frontend_path = os.path.join(os.getcwd(), "frontend/public")app_1  |     ^^^^^^^^^^^^^app_1  | SyntaxError: invalid syntaxapp_1  | Traceback (most recent call last):app_1  |   File "/usr/local/bin/uvicorn", line 8, in <module>app_1  |     sys.exit(main())app_1  |              ^^^^^^app_1  |   File "/usr/local/lib/python3.12/site-packages/click/core.py", line 1485, in __call__app_1  |     return self.main(*args, **kwargs)app_1  |            ^^^^^^^^^^^^^^^^^^^^^^^^^^app_1  |   File "/usr/local/lib/python3.12/site-packages/click/core.py", line 1406, in mainapp_1  |     rv = self.invoke(ctx)app_1  |          ^^^^^^^^^^^^^^^^app_1  |   File "/usr/local/lib/python3.12/site-packages/click/core.py", line 1269, in invokeapp_1  |     return ctx.invoke(self.callback, **ctx.params)app_1  |            ^^^^^^^^^^^^^^^^^^^^^^^^^^^^^^^^^^^^^^^app_1  |   File "/usr/local/lib/python3.12/site-packages/click/core.py", line 824, in invokeapp_1  |     return callback(*args, **kwargs)app_1  |            ^^^^^^^^^^^^^^^^^^^^^^^^^app_1  |   File "/usr/local/lib/python3.12/site-packages/uvicorn/main.py", line 433, in mainapp_1  |     run(app_1  |   File "/usr/local/lib/python3.12/site-packages/uvicorn/main.py", line 606, in runapp_1  |     server.run()app_1  |   File "/usr/local/lib/python3.12/site-packages/uvicorn/server.py", line 75, in runapp_1  |     return asyncio_run(self.serve(sockets=sockets), loop_factory=self.config.get_loop_factory())app_1  |            ^^^^^^^^^^^^^^^^^^^^^^^^^^^^^^^^^^^^^^^^^^^^^^^^^^^^^^^^^^^^^^^^^^^^^^^^^^^^^^^^^^^^^app_1  |   File "/usr/local/lib/python3.12/asyncio/runners.py", line 195, in runapp_1  |     return runner.run(main)app_1  |            ^^^^^^^^^^^^^^^^app_1  |   File "/usr/local/lib/python3.12/asyncio/runners.py", line 118, in runapp_1  |     return self._loop.run_until_complete(task)app_1  |            ^^^^^^^^^^^^^^^^^^^^^^^^^^^^^^^^^^^app_1  |   File "uvloop/loop.pyx", line 1518, in uvloop.loop.Loop.run_until_completeapp_1  |   File "/usr/local/lib/python3.12/site-packages/uvicorn/server.py", line 79, in serveapp_1  |     await self._serve(sockets)app_1  |   File "/usr/local/lib/python3.12/site-packages/uvicorn/server.py", line 86, in _serveapp_1  |     config.load()app_1  |   File "/usr/local/lib/python3.12/site-packages/uvicorn/config.py", line 441, in loadapp_1  |     self.loaded_app = import_from_string(self.app)app_1  |                       ^^^^^^^^^^^^^^^^^^^^^^^^^^^^app_1  |   File "/usr/local/lib/python3.12/site-packages/uvicorn/importer.py", line 19, in import_from_stringapp_1  |     module = importlib.import_module(module_str)app_1  |              ^^^^^^^^^^^^^^^^^^^^^^^^^^^^^^^^^^^app_1  |   File "/usr/local/lib/python3.12/importlib/__init__.py", line 90, in import_moduleapp_1  |     return _bootstrap._gcd_import(name[level:], package, level)app_1  |            ^^^^^^^^^^^^^^^^^^^^^^^^^^^^^^^^^^^^^^^^^^^^^^^^^^^^app_1  |   File "<frozen importlib._bootstrap>", line 1387, in _gcd_importapp_1  |   File "<frozen importlib._bootstrap>", line 1360, in _find_and_loadapp_1  |   File "<frozen importlib._bootstrap>", line 1331, in _find_and_load_unlockedapp_1  |   File "<frozen importlib._bootstrap>", line 935, in _load_unlockedapp_1  |   File "<frozen importlib._bootstrap_external>", line 995, in exec_moduleapp_1  |   File "<frozen importlib._bootstrap_external>", line 1133, in get_codeapp_1  |   File "<frozen importlib._bootstrap_external>", line 1063, in source_to_codeapp_1  |   File "<frozen importlib._bootstrap>", line 488, in _call_with_frames_removedapp_1  |   File "/app/backend/app/main.py", line 67app_1  |     frontend_path = os.path.join(os.getcwd(), "frontend/public")app_1  |     ^^^^^^^^^^^^^app_1  | SyntaxError: invalid syntaxchracterforge_app_1 exited with code 1app_1  | Traceback (most recent call last):app_1  |   File "/usr/local/bin/uvicorn", line 8, in <module>app_1  |     sys.exit(main())app_1  |              ^^^^^^app_1  |   File "/usr/local/lib/python3.12/site-packages/click/core.py", line 1485, in __call__app_1  |     return self.main(*args, **kwargs)app_1  |            ^^^^^^^^^^^^^^^^^^^^^^^^^^app_1  |   File "/usr/local/lib/python3.12/site-packages/click/core.py", line 1406, in mainapp_1  |     rv = self.invoke(ctx)app_1  |          ^^^^^^^^^^^^^^^^app_1  |   File "/usr/local/lib/python3.12/site-packages/click/core.py", line 1269, in invokeapp_1  |     return ctx.invoke(self.callback, **ctx.params)app_1  |            ^^^^^^^^^^^^^^^^^^^^^^^^^^^^^^^^^^^^^^^app_1  |   File "/usr/local/lib/python3.12/site-packages/click/core.py", line 824, in invokeapp_1  |     return callback(*args, **kwargs)app_1  |            ^^^^^^^^^^^^^^^^^^^^^^^^^app_1  |   File "/usr/local/lib/python3.12/site-packages/uvicorn/main.py", line 433, in mainapp_1  |     run(app_1  |   File "/usr/local/lib/python3.12/site-packages/uvicorn/main.py", line 606, in runapp_1  |     server.run()app_1  |   File "/usr/local/lib/python3.12/site-packages/uvicorn/server.py", line 75, in runapp_1  |     return asyncio_run(self.serve(sockets=sockets), loop_factory=self.config.get_loop_factory())app_1  |            ^^^^^^^^^^^^^^^^^^^^^^^^^^^^^^^^^^^^^^^^^^^^^^^^^^^^^^^^^^^^^^^^^^^^^^^^^^^^^^^^^^^^^app_1  |   File "/usr/local/lib/python3.12/asyncio/runners.py", line 195, in runapp_1  |     return runner.run(main)app_1  |            ^^^^^^^^^^^^^^^^app_1  |   File "/usr/local/lib/python3.12/asyncio/runners.py", line 118, in runapp_1  |     return self._loop.run_until_complete(task)app_1  |            ^^^^^^^^^^^^^^^^^^^^^^^^^^^^^^^^^^^app_1  |   File "uvloop/loop.pyx", line 1518, in uvloop.loop.Loop.run_until_completeapp_1  |   File "/usr/local/lib/python3.12/site-packages/uvicorn/server.py", line 79, in serveapp_1  |     await self._serve(sockets)app_1  |   File "/usr/local/lib/python3.12/site-packages/uvicorn/server.py", line 86, in _serveapp_1  |     config.load()app_1  |   File "/usr/local/lib/python3.12/site-packages/uvicorn/config.py", line 441, in loadapp_1  |     self.loaded_app = import_from_string(self.app)app_1  |                       ^^^^^^^^^^^^^^^^^^^^^^^^^^^^app_1  |   File "/usr/local/lib/python3.12/site-packages/uvicorn/importer.py", line 19, in import_from_stringapp_1  |     module = importlib.import_module(module_str)app_1  |              ^^^^^^^^^^^^^^^^^^^^^^^^^^^^^^^^^^^app_1  |   File "/usr/local/lib/python3.12/importlib/__init__.py", line 90, in import_moduleapp_1  |     return _bootstrap._gcd_import(name[level:], package, level)app_1  |            ^^^^^^^^^^^^^^^^^^^^^^^^^^^^^^^^^^^^^^^^^^^^^^^^^^^^app_1  |   File "<frozen importlib._bootstrap>", line 1387, in _gcd_importapp_1  |   File "<frozen importlib._bootstrap>", line 1360, in _find_and_loadapp_1  |   File "<frozen importlib._bootstrap>", line 1331, in _find_and_load_unlockedapp_1  |   File "<frozen importlib._bootstrap>", line 935, in _load_unlockedapp_1  |   File "<frozen importlib._bootstrap_external>", line 995, in exec_moduleapp_1  |   File "<frozen importlib._bootstrap_external>", line 1133, in get_codeapp_1  |   File "<frozen importlib._bootstrap_external>", line 1063, in source_to_codeapp_1  |   File "<frozen importlib._bootstrap>", line 488, in _call_with_frames_removedapp_1  |   File "/app/backend/app/main.py", line 67app_1  |     frontend_path = os.path.join(os.getcwd(), "frontend/public")app_1  |     ^^^^^^^^^^^^^app_1  | SyntaxError: invalid syntaxchracterforge_app_1 exited with code 1app_1  | Traceback (most recent call last):app_1  |   File "/usr/local/bin/uvicorn", line 8, in <module>app_1  |     sys.exit(main())app_1  |              ^^^^^^app_1  |   File "/usr/local/lib/python3.12/site-packages/click/core.py", line 1485, in __call__app_1  |     return self.main(*args, **kwargs)app_1  |            ^^^^^^^^^^^^^^^^^^^^^^^^^^app_1  |   File "/usr/local/lib/python3.12/site-packages/click/core.py", line 1406, in mainapp_1  |     rv = self.invoke(ctx)app_1  |          ^^^^^^^^^^^^^^^^app_1  |   File "/usr/local/lib/python3.12/site-packages/click/core.py", line 1269, in invokeapp_1  |     return ctx.invoke(self.callback, **ctx.params)app_1  |            ^^^^^^^^^^^^^^^^^^^^^^^^^^^^^^^^^^^^^^^app_1  |   File "/usr/local/lib/python3.12/site-packages/click/core.py", line 824, in invokeapp_1  |     return callback(*args, **kwargs)app_1  |            ^^^^^^^^^^^^^^^^^^^^^^^^^app_1  |   File "/usr/local/lib/python3.12/site-packages/uvicorn/main.py", line 433, in mainapp_1  |     run(app_1  |   File "/usr/local/lib/python3.12/site-packages/uvicorn/main.py", line 606, in runapp_1  |     server.run()app_1  |   File "/usr/local/lib/python3.12/site-packages/uvicorn/server.py", line 75, in runapp_1  |     return asyncio_run(self.serve(sockets=sockets), loop_factory=self.config.get_loop_factory())app_1  |            ^^^^^^^^^^^^^^^^^^^^^^^^^^^^^^^^^^^^^^^^^^^^^^^^^^^^^^^^^^^^^^^^^^^^^^^^^^^^^^^^^^^^^app_1  |   File "/usr/local/lib/python3.12/asyncio/runners.py", line 195, in runapp_1  |     return runner.run(main)app_1  |            ^^^^^^^^^^^^^^^^app_1  |   File "/usr/local/lib/python3.12/asyncio/runners.py", line 118, in runapp_1  |     return self._loop.run_until_complete(task)app_1  |            ^^^^^^^^^^^^^^^^^^^^^^^^^^^^^^^^^^^app_1  |   File "uvloop/loop.pyx", line 1518, in uvloop.loop.Loop.run_until_completeapp_1  |   File "/usr/local/lib/python3.12/site-packages/uvicorn/server.py", line 79, in serveapp_1  |     await self._serve(sockets)app_1  |   File "/usr/local/lib/python3.12/site-packages/uvicorn/server.py", line 86, in _serveapp_1  |     config.load()app_1  |   File "/usr/local/lib/python3.12/site-packages/uvicorn/config.py", line 441, in loadapp_1  |     self.loaded_app = import_from_string(self.app)app_1  |                       ^^^^^^^^^^^^^^^^^^^^^^^^^^^^app_1  |   File "/usr/local/lib/python3.12/site-packages/uvicorn/importer.py", line 19, in import_from_stringapp_1  |     module = importlib.import_module(module_str)app_1  |              ^^^^^^^^^^^^^^^^^^^^^^^^^^^^^^^^^^^app_1  |   File "/usr/local/lib/python3.12/importlib/__init__.py", line 90, in import_moduleapp_1  |     return _bootstrap._gcd_import(name[level:], package, level)app_1  |            ^^^^^^^^^^^^^^^^^^^^^^^^^^^^^^^^^^^^^^^^^^^^^^^^^^^^app_1  |   File "<frozen importlib._bootstrap>", line 1387, in _gcd_importapp_1  |   File "<frozen importlib._bootstrap>", line 1360, in _find_and_loadapp_1  |   File "<frozen importlib._bootstrap>", line 1331, in _find_and_load_unlockedapp_1  |   File "<frozen importlib._bootstrap>", line 935, in _load_unlockedapp_1  |   File "<frozen importlib._bootstrap_external>", line 995, in exec_moduleapp_1  |   File "<frozen importlib._bootstrap_external>", line 1133, in get_codeapp_1  |   File "<frozen importlib._bootstrap_external>", line 1063, in source_to_codeapp_1  |   File "<frozen importlib._bootstrap>", line 488, in _call_with_frames_removedapp_1  |   File "/app/backend/app/main.py", line 67app_1  |     frontend_path = os.path.join(os.getcwd(), "frontend/public")app_1  |     ^^^^^^^^^^^^^app_1  | SyntaxError: invalid syntaxchracterforge_app_1 exited with code 1Sending build context to Docker daemon  205.5MB
Step 1/11 : FROM python:3.12-slim
 ---> b3b92273ebb4
Step 2/11 : ENV PYTHONDONTWRITEBYTECODE 1
 ---> Using cache
 ---> e9ad0254e519
Step 3/11 : ENV PYTHONUNBUFFERED 1
 ---> Using cache
 ---> f2228e36e375
Step 4/11 : ENV PYTHONPATH /app
 ---> Using cache
 ---> 0bdd81d889ae
Step 5/11 : WORKDIR /app
 ---> Using cache
 ---> 47a6dba33c3b
Step 6/11 : RUN apt-get update && apt-get install -y --no-install-recommends     build-essential     && apt-get clean     && rm -rf /var/lib/apt/lists/*
 ---> Using cache
 ---> be49f823e7cc
Step 7/11 : COPY backend/requirements.txt .
 ---> Using cache
 ---> b8667628c2ff
Step 8/11 : RUN pip install --no-cache-dir -r requirements.txt
 ---> Using cache
 ---> 50a85457565b
Step 9/11 : COPY . .
 ---> 736829682e9d
Step 10/11 : EXPOSE 8000
 ---> Running in 60841b9458b1
 ---> Removed intermediate container 60841b9458b1
 ---> 48798532d289
Step 11/11 : CMD ["uvicorn", "backend.app.main:app", "--host", "0.0.0.0", "--port", "8000"]
 ---> Running in 972f66c76546
 ---> Removed intermediate container 972f66c76546
 ---> b596b38cf4a5
Successfully built b596b38cf4a5
Successfully tagged chracterforge_app:latest
Sending build context to Docker daemon  205.5MB
Step 1/11 : FROM python:3.12-slim
 ---> b3b92273ebb4
Step 2/11 : ENV PYTHONDONTWRITEBYTECODE 1
 ---> Using cache
 ---> e9ad0254e519
Step 3/11 : ENV PYTHONUNBUFFERED 1
 ---> Using cache
 ---> f2228e36e375
Step 4/11 : ENV PYTHONPATH /app
 ---> Using cache
 ---> 0bdd81d889ae
Step 5/11 : WORKDIR /app
 ---> Using cache
 ---> 47a6dba33c3b
Step 6/11 : RUN apt-get update && apt-get install -y --no-install-recommends     build-essential     && apt-get clean     && rm -rf /var/lib/apt/lists/*
 ---> Using cache
 ---> be49f823e7cc
Step 7/11 : COPY backend/requirements.txt .
 ---> Using cache
 ---> b8667628c2ff
Step 8/11 : RUN pip install --no-cache-dir -r requirements.txt
 ---> Using cache
 ---> 50a85457565b
Step 9/11 : COPY . .
 ---> 94c74c6d4cd3
Step 10/11 : EXPOSE 8000
 ---> Running in a919548106c9
 ---> Removed intermediate container a919548106c9
 ---> bee5fd8d4df8
Step 11/11 : CMD ["uvicorn", "backend.app.main:app", "--host", "0.0.0.0", "--port", "8000"]
 ---> Running in e3ab7ca8abc2
 ---> Removed intermediate container e3ab7ca8abc2
 ---> 6e3434d66522
Successfully built 6e3434d66522
Successfully tagged chracterforge_app:latest
Sending build context to Docker daemon  66.12MB
Step 1/11 : FROM python:3.12-slim
 ---> b3b92273ebb4
Step 2/11 : ENV PYTHONDONTWRITEBYTECODE 1
 ---> Using cache
 ---> e9ad0254e519
Step 3/11 : ENV PYTHONUNBUFFERED 1
 ---> Using cache
 ---> f2228e36e375
Step 4/11 : ENV PYTHONPATH /app
 ---> Using cache
 ---> 0bdd81d889ae
Step 5/11 : WORKDIR /app
 ---> Using cache
 ---> 47a6dba33c3b
Step 6/11 : RUN apt-get update && apt-get install -y --no-install-recommends     build-essential     && apt-get clean     && rm -rf /var/lib/apt/lists/*
 ---> Using cache
 ---> be49f823e7cc
Step 7/11 : COPY backend/requirements.txt .
 ---> Using cache
 ---> b8667628c2ff
Step 8/11 : RUN pip install --no-cache-dir -r requirements.txt
 ---> Using cache
 ---> 50a85457565b
Step 9/11 : COPY . .
 ---> 024793291bf6
Step 10/11 : EXPOSE 8000
 ---> Running in 7cee3b5b1c0b
 ---> Removed intermediate container 7cee3b5b1c0b
 ---> 8174fb531c62
Step 11/11 : CMD ["uvicorn", "backend.app.main:app", "--host", "0.0.0.0", "--port", "8000"]
 ---> Running in 3d6ec7e88703
 ---> Removed intermediate container 3d6ec7e88703
 ---> 708ef9cc0eac
Successfully built 708ef9cc0eac
Successfully tagged chracterforge_app:latest
Attaching to chracterforge_app_1
[36mapp_1  |[0m INFO:     Started server process [1]
[36mapp_1  |[0m INFO:     Waiting for application startup.
[36mapp_1  |[0m INFO:     Application startup complete.
[36mapp_1  |[0m INFO:     Uvicorn running on http://0.0.0.0:8000 (Press CTRL+C to quit)
Gracefully stopping... (press Ctrl+C again to force)
Sending build context to Docker daemon  66.12MB
Step 1/11 : FROM python:3.12-slim
 ---> b3b92273ebb4
Step 2/11 : ENV PYTHONDONTWRITEBYTECODE 1
 ---> Using cache
 ---> e9ad0254e519
Step 3/11 : ENV PYTHONUNBUFFERED 1
 ---> Using cache
 ---> f2228e36e375
Step 4/11 : ENV PYTHONPATH /app
 ---> Using cache
 ---> 0bdd81d889ae
Step 5/11 : WORKDIR /app
 ---> Using cache
 ---> 47a6dba33c3b
Step 6/11 : RUN apt-get update && apt-get install -y --no-install-recommends     build-essential     && apt-get clean     && rm -rf /var/lib/apt/lists/*
 ---> Using cache
 ---> be49f823e7cc
Step 7/11 : COPY backend/requirements.txt .
 ---> Using cache
 ---> b8667628c2ff
Step 8/11 : RUN pip install --no-cache-dir -r requirements.txt
 ---> Using cache
 ---> 50a85457565b
Step 9/11 : COPY . .
 ---> Using cache
 ---> 024793291bf6
Step 10/11 : EXPOSE 8000
 ---> Using cache
 ---> 8174fb531c62
Step 11/11 : CMD ["uvicorn", "backend.app.main:app", "--host", "0.0.0.0", "--port", "8000"]
 ---> Using cache
 ---> 708ef9cc0eac
Successfully built 708ef9cc0eac
Successfully tagged chracterforge_app:latest
Attaching to chracterforge_app_1
[36mapp_1  |[0m INFO:     Started server process [1]
[36mapp_1  |[0m INFO:     Waiting for application startup.
[36mapp_1  |[0m INFO:     Application startup complete.
[36mapp_1  |[0m INFO:     Uvicorn running on http://0.0.0.0:8000 (Press CTRL+C to quit)
[36mapp_1  |[0m INFO:     172.18.0.1:44876 - "GET / HTTP/1.1" 200 OK
[36mapp_1  |[0m INFO:     172.18.0.1:44876 - "GET /assets/fighter_icon.png HTTP/1.1" 200 OK
[36mapp_1  |[0m INFO:     172.18.0.1:44878 - "GET /assets/str.png HTTP/1.1" 200 OK
[36mapp_1  |[0m INFO:     172.18.0.1:44878 - "GET /assets/dex.png HTTP/1.1" 200 OK
[36mapp_1  |[0m INFO:     172.18.0.1:44876 - "GET /assets/con.png HTTP/1.1" 200 OK
[36mapp_1  |[0m INFO:     172.18.0.1:44878 - "GET /assets/int.png HTTP/1.1" 200 OK
[36mapp_1  |[0m INFO:     172.18.0.1:44888 - "GET /assets/wis.png HTTP/1.1" 200 OK
[36mapp_1  |[0m INFO:     172.18.0.1:44876 - "GET /script.js HTTP/1.1" 200 OK
[36mapp_1  |[0m INFO:     172.18.0.1:44896 - "GET /assets/cha.png HTTP/1.1" 200 OK
[36mapp_1  |[0m INFO:     172.18.0.1:44876 - "GET /assets/background.png HTTP/1.1" 200 OK
[36mapp_1  |[0m INFO:     172.18.0.1:44876 - "GET /favicon.ico HTTP/1.1" 404 Not Found
[36mapp_1  |[0m INFO:     172.18.0.1:33034 - "GET /creator.html HTTP/1.1" 200 OK
[36mapp_1  |[0m INFO:     172.18.0.1:33034 - "GET /api/species HTTP/1.1" 200 OK
[36mapp_1  |[0m INFO:     172.18.0.1:33034 - "GET /api/classes HTTP/1.1" 200 OK
[36mapp_1  |[0m INFO:     172.18.0.1:50178 - "POST /api/characters HTTP/1.1" 200 OK
[36mapp_1  |[0m INFO:     172.18.0.1:50178 - "GET /?id=1 HTTP/1.1" 200 OK
[36mapp_1  |[0m INFO:     172.18.0.1:50178 - "GET /api/characters/1 HTTP/1.1" 200 OK
